21-Sep-2024 09:48:16.340 INFO [main] org.apache.catalina.startup.VersionLoggerListener.log Server version name:   Apache Tomcat/10.1.28
21-Sep-2024 09:48:16.345 INFO [main] org.apache.catalina.startup.VersionLoggerListener.log Server built:          Aug 2 2024 15:14:43 UTC
21-Sep-2024 09:48:16.345 INFO [main] org.apache.catalina.startup.VersionLoggerListener.log Server version number: 10.1.28.0
21-Sep-2024 09:48:16.345 INFO [main] org.apache.catalina.startup.VersionLoggerListener.log OS Name:               Windows 11
21-Sep-2024 09:48:16.345 INFO [main] org.apache.catalina.startup.VersionLoggerListener.log OS Version:            10.0
21-Sep-2024 09:48:16.345 INFO [main] org.apache.catalina.startup.VersionLoggerListener.log Architecture:          amd64
21-Sep-2024 09:48:16.345 INFO [main] org.apache.catalina.startup.VersionLoggerListener.log Java Home:             C:\Program Files\Java\jdk-22
21-Sep-2024 09:48:16.347 INFO [main] org.apache.catalina.startup.VersionLoggerListener.log JVM Version:           22.0.2+9-70
21-Sep-2024 09:48:16.347 INFO [main] org.apache.catalina.startup.VersionLoggerListener.log JVM Vendor:            Oracle Corporation
21-Sep-2024 09:48:16.347 INFO [main] org.apache.catalina.startup.VersionLoggerListener.log CATALINA_BASE:         C:\Users\ADMIN\eclipse-workspace\ltwedst2
21-Sep-2024 09:48:16.347 INFO [main] org.apache.catalina.startup.VersionLoggerListener.log CATALINA_HOME:         C:\apache-tomcat-10.1.28
21-Sep-2024 09:48:16.358 INFO [main] org.apache.catalina.startup.VersionLoggerListener.log Command line argument: --add-opens=java.base/java.lang=ALL-UNNAMED
21-Sep-2024 09:48:16.358 INFO [main] org.apache.catalina.startup.VersionLoggerListener.log Command line argument: --add-opens=java.base/java.io=ALL-UNNAMED
21-Sep-2024 09:48:16.358 INFO [main] org.apache.catalina.startup.VersionLoggerListener.log Command line argument: --add-opens=java.base/java.util=ALL-UNNAMED
21-Sep-2024 09:48:16.358 INFO [main] org.apache.catalina.startup.VersionLoggerListener.log Command line argument: --add-opens=java.base/java.util.concurrent=ALL-UNNAMED
21-Sep-2024 09:48:16.358 INFO [main] org.apache.catalina.startup.VersionLoggerListener.log Command line argument: --add-opens=java.rmi/sun.rmi.transport=ALL-UNNAMED
21-Sep-2024 09:48:16.358 INFO [main] org.apache.catalina.startup.VersionLoggerListener.log Command line argument: -Dcatalina.home=C:\apache-tomcat-10.1.28
21-Sep-2024 09:48:16.358 INFO [main] org.apache.catalina.startup.VersionLoggerListener.log Command line argument: -Dcatalina.base=C:\Users\ADMIN\eclipse-workspace\ltwedst2
21-Sep-2024 09:48:16.359 INFO [main] org.apache.catalina.startup.VersionLoggerListener.log Command line argument: -Djava.io.tmpdir=C:\Users\ADMIN\eclipse-workspace\ltwedst2\temp
21-Sep-2024 09:48:16.359 INFO [main] org.apache.catalina.startup.VersionLoggerListener.log Command line argument: -Djava.util.logging.config.file=C:\Users\ADMIN\eclipse-workspace\ltwedst2\conf\logging.properties
21-Sep-2024 09:48:16.359 INFO [main] org.apache.catalina.startup.VersionLoggerListener.log Command line argument: -Djava.util.logging.manager=org.apache.juli.ClassLoaderLogManager
21-Sep-2024 09:48:16.359 INFO [main] org.apache.catalina.startup.VersionLoggerListener.log Command line argument: -javaagent:C:\Program Files\JetBrains\IntelliJ IDEA Community Edition 2023.3.5\lib\idea_rt.jar=56588:C:\Program Files\JetBrains\IntelliJ IDEA Community Edition 2023.3.5\bin
21-Sep-2024 09:48:16.359 INFO [main] org.apache.catalina.startup.VersionLoggerListener.log Command line argument: -Dfile.encoding=UTF-8
21-Sep-2024 09:48:16.359 INFO [main] org.apache.catalina.startup.VersionLoggerListener.log Command line argument: -Dsun.stdout.encoding=UTF-8
21-Sep-2024 09:48:16.359 INFO [main] org.apache.catalina.startup.VersionLoggerListener.log Command line argument: -Dsun.stderr.encoding=UTF-8
21-Sep-2024 09:48:16.363 INFO [main] org.apache.catalina.core.AprLifecycleListener.lifecycleEvent Loaded Apache Tomcat Native library [2.0.8] using APR version [1.7.4].
21-Sep-2024 09:48:16.368 INFO [main] org.apache.catalina.core.AprLifecycleListener.initializeSSL OpenSSL successfully initialized [OpenSSL 3.0.14 4 Jun 2024]
21-Sep-2024 09:48:16.617 INFO [main] org.apache.coyote.AbstractProtocol.init Initializing ProtocolHandler ["http-nio-8080"]
21-Sep-2024 09:48:16.635 INFO [main] org.apache.catalina.startup.Catalina.load Server initialization in [462] milliseconds
21-Sep-2024 09:48:16.690 INFO [main] org.apache.catalina.core.StandardService.startInternal Starting service [Catalina]
21-Sep-2024 09:48:16.690 INFO [main] org.apache.catalina.core.StandardEngine.startInternal Starting Servlet engine: [Apache Tomcat/10.1.28]
21-Sep-2024 09:48:16.702 INFO [main] org.apache.catalina.startup.HostConfig.deployDescriptor Deploying deployment descriptor [C:\Users\ADMIN\eclipse-workspace\ltwedst2\conf\Catalina\localhost\ltwedst2.xml]
21-Sep-2024 09:48:16.923 SEVERE [main] org.apache.catalina.startup.HostConfig.deployDescriptor Error deploying deployment descriptor [C:\Users\ADMIN\eclipse-workspace\ltwedst2\conf\Catalina\localhost\ltwedst2.xml]
	java.lang.IllegalStateException: Error starting child
		at org.apache.catalina.core.ContainerBase.addChildInternal(ContainerBase.java:602)
		at org.apache.catalina.core.ContainerBase.addChild(ContainerBase.java:571)
		at org.apache.catalina.core.StandardHost.addChild(StandardHost.java:654)
		at org.apache.catalina.startup.HostConfig.deployDescriptor(HostConfig.java:635)
		at org.apache.catalina.startup.HostConfig$DeployDescriptor.run(HostConfig.java:1889)
		at java.base/java.util.concurrent.Executors$RunnableAdapter.call(Executors.java:572)
		at java.base/java.util.concurrent.FutureTask.run(FutureTask.java:317)
		at org.apache.tomcat.util.threads.InlineExecutorService.execute(InlineExecutorService.java:75)
		at java.base/java.util.concurrent.AbstractExecutorService.submit(AbstractExecutorService.java:123)
		at org.apache.catalina.startup.HostConfig.deployDescriptors(HostConfig.java:530)
		at org.apache.catalina.startup.HostConfig.deployApps(HostConfig.java:421)
		at org.apache.catalina.startup.HostConfig.start(HostConfig.java:1629)
		at org.apache.catalina.startup.HostConfig.lifecycleEvent(HostConfig.java:303)
		at org.apache.catalina.util.LifecycleBase.fireLifecycleEvent(LifecycleBase.java:109)
		at org.apache.catalina.util.LifecycleBase.setStateInternal(LifecycleBase.java:385)
		at org.apache.catalina.util.LifecycleBase.setState(LifecycleBase.java:332)
		at org.apache.catalina.core.ContainerBase.startInternal(ContainerBase.java:776)
		at org.apache.catalina.core.StandardHost.startInternal(StandardHost.java:772)
		at org.apache.catalina.util.LifecycleBase.start(LifecycleBase.java:164)
		at org.apache.catalina.core.ContainerBase$StartChild.call(ContainerBase.java:1203)
		at org.apache.catalina.core.ContainerBase$StartChild.call(ContainerBase.java:1193)
		at java.base/java.util.concurrent.FutureTask.run(FutureTask.java:317)
		at org.apache.tomcat.util.threads.InlineExecutorService.execute(InlineExecutorService.java:75)
		at java.base/java.util.concurrent.AbstractExecutorService.submit(AbstractExecutorService.java:145)
		at org.apache.catalina.core.ContainerBase.startInternal(ContainerBase.java:749)
		at org.apache.catalina.core.StandardEngine.startInternal(StandardEngine.java:203)
		at org.apache.catalina.util.LifecycleBase.start(LifecycleBase.java:164)
		at org.apache.catalina.core.StandardService.startInternal(StandardService.java:415)
		at org.apache.catalina.util.LifecycleBase.start(LifecycleBase.java:164)
		at org.apache.catalina.core.StandardServer.startInternal(StandardServer.java:874)
		at org.apache.catalina.util.LifecycleBase.start(LifecycleBase.java:164)
		at org.apache.catalina.startup.Catalina.start(Catalina.java:757)
		at java.base/jdk.internal.reflect.DirectMethodHandleAccessor.invoke(DirectMethodHandleAccessor.java:103)
		at java.base/java.lang.reflect.Method.invoke(Method.java:580)
		at org.apache.catalina.startup.Bootstrap.start(Bootstrap.java:345)
		at org.apache.catalina.startup.Bootstrap.main(Bootstrap.java:473)
	Caused by: org.apache.catalina.LifecycleException: Failed to start component [StandardEngine[Catalina].StandardHost[localhost].StandardContext[/ltwedst2]]
		at org.apache.catalina.util.LifecycleBase.handleSubClassException(LifecycleBase.java:402)
		at org.apache.catalina.util.LifecycleBase.start(LifecycleBase.java:179)
		at org.apache.catalina.core.ContainerBase.addChildInternal(ContainerBase.java:599)
		... 35 more
	Caused by: java.lang.IllegalArgumentException: The servlets named [vn.iotstar.controllers.admin.HomeController] and [vn.iotstar.controllers.HomeController] are both mapped to the url-pattern [/admin/home] which is not permitted
		at org.apache.tomcat.util.descriptor.web.WebXml.addServletMappingDecoded(WebXml.java:354)
		at org.apache.tomcat.util.descriptor.web.WebXml.addServletMapping(WebXml.java:347)
		at org.apache.catalina.startup.ContextConfig.processAnnotationWebServlet(ContextConfig.java:2539)
		at org.apache.catalina.startup.ContextConfig.processClass(ContextConfig.java:2244)
		at org.apache.catalina.startup.ContextConfig.processAnnotationsStream(ContextConfig.java:2233)
		at org.apache.catalina.startup.ContextConfig.processAnnotationsWebResource(ContextConfig.java:2143)
		at org.apache.catalina.startup.ContextConfig.processAnnotationsWebResource(ContextConfig.java:2138)
		at org.apache.catalina.startup.ContextConfig.processAnnotationsWebResource(ContextConfig.java:2138)
		at org.apache.catalina.startup.ContextConfig.processAnnotationsWebResource(ContextConfig.java:2138)
		at org.apache.catalina.startup.ContextConfig.processClasses(ContextConfig.java:1351)
		at org.apache.catalina.startup.ContextConfig.webConfig(ContextConfig.java:1261)
		at org.apache.catalina.startup.ContextConfig.configureStart(ContextConfig.java:961)
		at org.apache.catalina.startup.ContextConfig.lifecycleEvent(ContextConfig.java:290)
		at org.apache.catalina.util.LifecycleBase.fireLifecycleEvent(LifecycleBase.java:109)
		at org.apache.catalina.core.StandardContext.startInternal(StandardContext.java:4330)
		at org.apache.catalina.util.LifecycleBase.start(LifecycleBase.java:164)
		... 36 more
21-Sep-2024 09:48:16.927 INFO [main] org.apache.catalina.startup.HostConfig.deployDescriptor Deployment of deployment descriptor [C:\Users\ADMIN\eclipse-workspace\ltwedst2\conf\Catalina\localhost\ltwedst2.xml] has finished in [224] ms
21-Sep-2024 09:48:16.931 INFO [main] org.apache.coyote.AbstractProtocol.start Starting ProtocolHandler ["http-nio-8080"]
21-Sep-2024 09:48:17.003 INFO [main] org.apache.catalina.startup.Catalina.start Server startup in [366] milliseconds
21-Sep-2024 10:12:39.407 INFO [main] org.apache.catalina.startup.VersionLoggerListener.log Server version name:   Apache Tomcat/10.1.28
21-Sep-2024 10:12:39.411 INFO [main] org.apache.catalina.startup.VersionLoggerListener.log Server built:          Aug 2 2024 15:14:43 UTC
21-Sep-2024 10:12:39.412 INFO [main] org.apache.catalina.startup.VersionLoggerListener.log Server version number: 10.1.28.0
21-Sep-2024 10:12:39.412 INFO [main] org.apache.catalina.startup.VersionLoggerListener.log OS Name:               Windows 11
21-Sep-2024 10:12:39.412 INFO [main] org.apache.catalina.startup.VersionLoggerListener.log OS Version:            10.0
21-Sep-2024 10:12:39.412 INFO [main] org.apache.catalina.startup.VersionLoggerListener.log Architecture:          amd64
21-Sep-2024 10:12:39.412 INFO [main] org.apache.catalina.startup.VersionLoggerListener.log Java Home:             C:\Program Files\Java\jdk-22
21-Sep-2024 10:12:39.412 INFO [main] org.apache.catalina.startup.VersionLoggerListener.log JVM Version:           22.0.2+9-70
21-Sep-2024 10:12:39.412 INFO [main] org.apache.catalina.startup.VersionLoggerListener.log JVM Vendor:            Oracle Corporation
21-Sep-2024 10:12:39.413 INFO [main] org.apache.catalina.startup.VersionLoggerListener.log CATALINA_BASE:         C:\Users\ADMIN\eclipse-workspace\ltwedst2
21-Sep-2024 10:12:39.413 INFO [main] org.apache.catalina.startup.VersionLoggerListener.log CATALINA_HOME:         C:\apache-tomcat-10.1.28
21-Sep-2024 10:12:39.419 INFO [main] org.apache.catalina.startup.VersionLoggerListener.log Command line argument: --add-opens=java.base/java.lang=ALL-UNNAMED
21-Sep-2024 10:12:39.420 INFO [main] org.apache.catalina.startup.VersionLoggerListener.log Command line argument: --add-opens=java.base/java.io=ALL-UNNAMED
21-Sep-2024 10:12:39.420 INFO [main] org.apache.catalina.startup.VersionLoggerListener.log Command line argument: --add-opens=java.base/java.util=ALL-UNNAMED
21-Sep-2024 10:12:39.420 INFO [main] org.apache.catalina.startup.VersionLoggerListener.log Command line argument: --add-opens=java.base/java.util.concurrent=ALL-UNNAMED
21-Sep-2024 10:12:39.420 INFO [main] org.apache.catalina.startup.VersionLoggerListener.log Command line argument: --add-opens=java.rmi/sun.rmi.transport=ALL-UNNAMED
21-Sep-2024 10:12:39.420 INFO [main] org.apache.catalina.startup.VersionLoggerListener.log Command line argument: -Dcatalina.home=C:\apache-tomcat-10.1.28
21-Sep-2024 10:12:39.420 INFO [main] org.apache.catalina.startup.VersionLoggerListener.log Command line argument: -Dcatalina.base=C:\Users\ADMIN\eclipse-workspace\ltwedst2
21-Sep-2024 10:12:39.420 INFO [main] org.apache.catalina.startup.VersionLoggerListener.log Command line argument: -Djava.io.tmpdir=C:\Users\ADMIN\eclipse-workspace\ltwedst2\temp
21-Sep-2024 10:12:39.420 INFO [main] org.apache.catalina.startup.VersionLoggerListener.log Command line argument: -Djava.util.logging.config.file=C:\Users\ADMIN\eclipse-workspace\ltwedst2\conf\logging.properties
21-Sep-2024 10:12:39.420 INFO [main] org.apache.catalina.startup.VersionLoggerListener.log Command line argument: -Djava.util.logging.manager=org.apache.juli.ClassLoaderLogManager
21-Sep-2024 10:12:39.420 INFO [main] org.apache.catalina.startup.VersionLoggerListener.log Command line argument: -javaagent:C:\Program Files\JetBrains\IntelliJ IDEA Community Edition 2023.3.5\lib\idea_rt.jar=56973:C:\Program Files\JetBrains\IntelliJ IDEA Community Edition 2023.3.5\bin
21-Sep-2024 10:12:39.420 INFO [main] org.apache.catalina.startup.VersionLoggerListener.log Command line argument: -Dfile.encoding=UTF-8
21-Sep-2024 10:12:39.420 INFO [main] org.apache.catalina.startup.VersionLoggerListener.log Command line argument: -Dsun.stdout.encoding=UTF-8
21-Sep-2024 10:12:39.421 INFO [main] org.apache.catalina.startup.VersionLoggerListener.log Command line argument: -Dsun.stderr.encoding=UTF-8
21-Sep-2024 10:12:39.422 INFO [main] org.apache.catalina.core.AprLifecycleListener.lifecycleEvent Loaded Apache Tomcat Native library [2.0.8] using APR version [1.7.4].
21-Sep-2024 10:12:39.426 INFO [main] org.apache.catalina.core.AprLifecycleListener.initializeSSL OpenSSL successfully initialized [OpenSSL 3.0.14 4 Jun 2024]
21-Sep-2024 10:12:39.697 INFO [main] org.apache.coyote.AbstractProtocol.init Initializing ProtocolHandler ["http-nio-8080"]
21-Sep-2024 10:12:39.716 INFO [main] org.apache.catalina.startup.Catalina.load Server initialization in [497] milliseconds
21-Sep-2024 10:12:39.764 INFO [main] org.apache.catalina.core.StandardService.startInternal Starting service [Catalina]
21-Sep-2024 10:12:39.764 INFO [main] org.apache.catalina.core.StandardEngine.startInternal Starting Servlet engine: [Apache Tomcat/10.1.28]
21-Sep-2024 10:12:39.772 INFO [main] org.apache.catalina.startup.HostConfig.deployDescriptor Deploying deployment descriptor [C:\Users\ADMIN\eclipse-workspace\ltwedst2\conf\Catalina\localhost\ltwedst2.xml]
21-Sep-2024 10:12:39.993 SEVERE [main] org.apache.catalina.startup.HostConfig.deployDescriptor Error deploying deployment descriptor [C:\Users\ADMIN\eclipse-workspace\ltwedst2\conf\Catalina\localhost\ltwedst2.xml]
	java.lang.IllegalStateException: Error starting child
		at org.apache.catalina.core.ContainerBase.addChildInternal(ContainerBase.java:602)
		at org.apache.catalina.core.ContainerBase.addChild(ContainerBase.java:571)
		at org.apache.catalina.core.StandardHost.addChild(StandardHost.java:654)
		at org.apache.catalina.startup.HostConfig.deployDescriptor(HostConfig.java:635)
		at org.apache.catalina.startup.HostConfig$DeployDescriptor.run(HostConfig.java:1889)
		at java.base/java.util.concurrent.Executors$RunnableAdapter.call(Executors.java:572)
		at java.base/java.util.concurrent.FutureTask.run(FutureTask.java:317)
		at org.apache.tomcat.util.threads.InlineExecutorService.execute(InlineExecutorService.java:75)
		at java.base/java.util.concurrent.AbstractExecutorService.submit(AbstractExecutorService.java:123)
		at org.apache.catalina.startup.HostConfig.deployDescriptors(HostConfig.java:530)
		at org.apache.catalina.startup.HostConfig.deployApps(HostConfig.java:421)
		at org.apache.catalina.startup.HostConfig.start(HostConfig.java:1629)
		at org.apache.catalina.startup.HostConfig.lifecycleEvent(HostConfig.java:303)
		at org.apache.catalina.util.LifecycleBase.fireLifecycleEvent(LifecycleBase.java:109)
		at org.apache.catalina.util.LifecycleBase.setStateInternal(LifecycleBase.java:385)
		at org.apache.catalina.util.LifecycleBase.setState(LifecycleBase.java:332)
		at org.apache.catalina.core.ContainerBase.startInternal(ContainerBase.java:776)
		at org.apache.catalina.core.StandardHost.startInternal(StandardHost.java:772)
		at org.apache.catalina.util.LifecycleBase.start(LifecycleBase.java:164)
		at org.apache.catalina.core.ContainerBase$StartChild.call(ContainerBase.java:1203)
		at org.apache.catalina.core.ContainerBase$StartChild.call(ContainerBase.java:1193)
		at java.base/java.util.concurrent.FutureTask.run(FutureTask.java:317)
		at org.apache.tomcat.util.threads.InlineExecutorService.execute(InlineExecutorService.java:75)
		at java.base/java.util.concurrent.AbstractExecutorService.submit(AbstractExecutorService.java:145)
		at org.apache.catalina.core.ContainerBase.startInternal(ContainerBase.java:749)
		at org.apache.catalina.core.StandardEngine.startInternal(StandardEngine.java:203)
		at org.apache.catalina.util.LifecycleBase.start(LifecycleBase.java:164)
		at org.apache.catalina.core.StandardService.startInternal(StandardService.java:415)
		at org.apache.catalina.util.LifecycleBase.start(LifecycleBase.java:164)
		at org.apache.catalina.core.StandardServer.startInternal(StandardServer.java:874)
		at org.apache.catalina.util.LifecycleBase.start(LifecycleBase.java:164)
		at org.apache.catalina.startup.Catalina.start(Catalina.java:757)
		at java.base/jdk.internal.reflect.DirectMethodHandleAccessor.invoke(DirectMethodHandleAccessor.java:103)
		at java.base/java.lang.reflect.Method.invoke(Method.java:580)
		at org.apache.catalina.startup.Bootstrap.start(Bootstrap.java:345)
		at org.apache.catalina.startup.Bootstrap.main(Bootstrap.java:473)
	Caused by: org.apache.catalina.LifecycleException: Failed to start component [StandardEngine[Catalina].StandardHost[localhost].StandardContext[/ltwedst2]]
		at org.apache.catalina.util.LifecycleBase.handleSubClassException(LifecycleBase.java:402)
		at org.apache.catalina.util.LifecycleBase.start(LifecycleBase.java:179)
		at org.apache.catalina.core.ContainerBase.addChildInternal(ContainerBase.java:599)
		... 35 more
	Caused by: java.lang.IllegalArgumentException: The servlets named [vn.iotstar.controllers.admin.HomeController] and [vn.iotstar.controllers.HomeController] are both mapped to the url-pattern [/admin/home] which is not permitted
		at org.apache.tomcat.util.descriptor.web.WebXml.addServletMappingDecoded(WebXml.java:354)
		at org.apache.tomcat.util.descriptor.web.WebXml.addServletMapping(WebXml.java:347)
		at org.apache.catalina.startup.ContextConfig.processAnnotationWebServlet(ContextConfig.java:2539)
		at org.apache.catalina.startup.ContextConfig.processClass(ContextConfig.java:2244)
		at org.apache.catalina.startup.ContextConfig.processAnnotationsStream(ContextConfig.java:2233)
		at org.apache.catalina.startup.ContextConfig.processAnnotationsWebResource(ContextConfig.java:2143)
		at org.apache.catalina.startup.ContextConfig.processAnnotationsWebResource(ContextConfig.java:2138)
		at org.apache.catalina.startup.ContextConfig.processAnnotationsWebResource(ContextConfig.java:2138)
		at org.apache.catalina.startup.ContextConfig.processAnnotationsWebResource(ContextConfig.java:2138)
		at org.apache.catalina.startup.ContextConfig.processClasses(ContextConfig.java:1351)
		at org.apache.catalina.startup.ContextConfig.webConfig(ContextConfig.java:1261)
		at org.apache.catalina.startup.ContextConfig.configureStart(ContextConfig.java:961)
		at org.apache.catalina.startup.ContextConfig.lifecycleEvent(ContextConfig.java:290)
		at org.apache.catalina.util.LifecycleBase.fireLifecycleEvent(LifecycleBase.java:109)
		at org.apache.catalina.core.StandardContext.startInternal(StandardContext.java:4330)
		at org.apache.catalina.util.LifecycleBase.start(LifecycleBase.java:164)
		... 36 more
21-Sep-2024 10:12:39.999 INFO [main] org.apache.catalina.startup.HostConfig.deployDescriptor Deployment of deployment descriptor [C:\Users\ADMIN\eclipse-workspace\ltwedst2\conf\Catalina\localhost\ltwedst2.xml] has finished in [226] ms
21-Sep-2024 10:12:40.003 INFO [main] org.apache.coyote.AbstractProtocol.start Starting ProtocolHandler ["http-nio-8080"]
21-Sep-2024 10:12:40.064 INFO [main] org.apache.catalina.startup.Catalina.start Server startup in [347] milliseconds
21-Sep-2024 10:13:10.833 INFO [main] org.apache.catalina.startup.VersionLoggerListener.log Server version name:   Apache Tomcat/10.1.28
21-Sep-2024 10:13:10.833 INFO [main] org.apache.catalina.startup.VersionLoggerListener.log Server built:          Aug 2 2024 15:14:43 UTC
21-Sep-2024 10:13:10.833 INFO [main] org.apache.catalina.startup.VersionLoggerListener.log Server version number: 10.1.28.0
21-Sep-2024 10:13:10.833 INFO [main] org.apache.catalina.startup.VersionLoggerListener.log OS Name:               Windows 11
21-Sep-2024 10:13:10.833 INFO [main] org.apache.catalina.startup.VersionLoggerListener.log OS Version:            10.0
21-Sep-2024 10:13:10.833 INFO [main] org.apache.catalina.startup.VersionLoggerListener.log Architecture:          amd64
21-Sep-2024 10:13:10.833 INFO [main] org.apache.catalina.startup.VersionLoggerListener.log Java Home:             C:\Program Files\Java\jdk-22
21-Sep-2024 10:13:10.833 INFO [main] org.apache.catalina.startup.VersionLoggerListener.log JVM Version:           22.0.2+9-70
21-Sep-2024 10:13:10.833 INFO [main] org.apache.catalina.startup.VersionLoggerListener.log JVM Vendor:            Oracle Corporation
21-Sep-2024 10:13:10.833 INFO [main] org.apache.catalina.startup.VersionLoggerListener.log CATALINA_BASE:         C:\Users\ADMIN\eclipse-workspace\ltwedst2
21-Sep-2024 10:13:10.833 INFO [main] org.apache.catalina.startup.VersionLoggerListener.log CATALINA_HOME:         C:\apache-tomcat-10.1.28
21-Sep-2024 10:13:10.849 INFO [main] org.apache.catalina.startup.VersionLoggerListener.log Command line argument: --add-opens=java.base/java.lang=ALL-UNNAMED
21-Sep-2024 10:13:10.849 INFO [main] org.apache.catalina.startup.VersionLoggerListener.log Command line argument: --add-opens=java.base/java.io=ALL-UNNAMED
21-Sep-2024 10:13:10.849 INFO [main] org.apache.catalina.startup.VersionLoggerListener.log Command line argument: --add-opens=java.base/java.util=ALL-UNNAMED
21-Sep-2024 10:13:10.849 INFO [main] org.apache.catalina.startup.VersionLoggerListener.log Command line argument: --add-opens=java.base/java.util.concurrent=ALL-UNNAMED
21-Sep-2024 10:13:10.849 INFO [main] org.apache.catalina.startup.VersionLoggerListener.log Command line argument: --add-opens=java.rmi/sun.rmi.transport=ALL-UNNAMED
21-Sep-2024 10:13:10.849 INFO [main] org.apache.catalina.startup.VersionLoggerListener.log Command line argument: -Dcatalina.home=C:\apache-tomcat-10.1.28
21-Sep-2024 10:13:10.849 INFO [main] org.apache.catalina.startup.VersionLoggerListener.log Command line argument: -Dcatalina.base=C:\Users\ADMIN\eclipse-workspace\ltwedst2
21-Sep-2024 10:13:10.849 INFO [main] org.apache.catalina.startup.VersionLoggerListener.log Command line argument: -Djava.io.tmpdir=C:\Users\ADMIN\eclipse-workspace\ltwedst2\temp
21-Sep-2024 10:13:10.849 INFO [main] org.apache.catalina.startup.VersionLoggerListener.log Command line argument: -Djava.util.logging.config.file=C:\Users\ADMIN\eclipse-workspace\ltwedst2\conf\logging.properties
21-Sep-2024 10:13:10.849 INFO [main] org.apache.catalina.startup.VersionLoggerListener.log Command line argument: -Djava.util.logging.manager=org.apache.juli.ClassLoaderLogManager
21-Sep-2024 10:13:10.849 INFO [main] org.apache.catalina.startup.VersionLoggerListener.log Command line argument: -javaagent:C:\Program Files\JetBrains\IntelliJ IDEA Community Edition 2023.3.5\lib\idea_rt.jar=56984:C:\Program Files\JetBrains\IntelliJ IDEA Community Edition 2023.3.5\bin
21-Sep-2024 10:13:10.849 INFO [main] org.apache.catalina.startup.VersionLoggerListener.log Command line argument: -Dfile.encoding=UTF-8
21-Sep-2024 10:13:10.849 INFO [main] org.apache.catalina.startup.VersionLoggerListener.log Command line argument: -Dsun.stdout.encoding=UTF-8
21-Sep-2024 10:13:10.849 INFO [main] org.apache.catalina.startup.VersionLoggerListener.log Command line argument: -Dsun.stderr.encoding=UTF-8
21-Sep-2024 10:13:10.849 INFO [main] org.apache.catalina.core.AprLifecycleListener.lifecycleEvent Loaded Apache Tomcat Native library [2.0.8] using APR version [1.7.4].
21-Sep-2024 10:13:10.849 INFO [main] org.apache.catalina.core.AprLifecycleListener.initializeSSL OpenSSL successfully initialized [OpenSSL 3.0.14 4 Jun 2024]
21-Sep-2024 10:13:11.100 INFO [main] org.apache.coyote.AbstractProtocol.init Initializing ProtocolHandler ["http-nio-8080"]
21-Sep-2024 10:13:11.116 INFO [main] org.apache.catalina.startup.Catalina.load Server initialization in [449] milliseconds
21-Sep-2024 10:13:11.179 INFO [main] org.apache.catalina.core.StandardService.startInternal Starting service [Catalina]
21-Sep-2024 10:13:11.179 INFO [main] org.apache.catalina.core.StandardEngine.startInternal Starting Servlet engine: [Apache Tomcat/10.1.28]
21-Sep-2024 10:13:11.179 INFO [main] org.apache.catalina.startup.HostConfig.deployDescriptor Deploying deployment descriptor [C:\Users\ADMIN\eclipse-workspace\ltwedst2\conf\Catalina\localhost\ltwedst2.xml]
21-Sep-2024 10:13:11.397 SEVERE [main] org.apache.catalina.startup.HostConfig.deployDescriptor Error deploying deployment descriptor [C:\Users\ADMIN\eclipse-workspace\ltwedst2\conf\Catalina\localhost\ltwedst2.xml]
	java.lang.IllegalStateException: Error starting child
		at org.apache.catalina.core.ContainerBase.addChildInternal(ContainerBase.java:602)
		at org.apache.catalina.core.ContainerBase.addChild(ContainerBase.java:571)
		at org.apache.catalina.core.StandardHost.addChild(StandardHost.java:654)
		at org.apache.catalina.startup.HostConfig.deployDescriptor(HostConfig.java:635)
		at org.apache.catalina.startup.HostConfig$DeployDescriptor.run(HostConfig.java:1889)
		at java.base/java.util.concurrent.Executors$RunnableAdapter.call(Executors.java:572)
		at java.base/java.util.concurrent.FutureTask.run(FutureTask.java:317)
		at org.apache.tomcat.util.threads.InlineExecutorService.execute(InlineExecutorService.java:75)
		at java.base/java.util.concurrent.AbstractExecutorService.submit(AbstractExecutorService.java:123)
		at org.apache.catalina.startup.HostConfig.deployDescriptors(HostConfig.java:530)
		at org.apache.catalina.startup.HostConfig.deployApps(HostConfig.java:421)
		at org.apache.catalina.startup.HostConfig.start(HostConfig.java:1629)
		at org.apache.catalina.startup.HostConfig.lifecycleEvent(HostConfig.java:303)
		at org.apache.catalina.util.LifecycleBase.fireLifecycleEvent(LifecycleBase.java:109)
		at org.apache.catalina.util.LifecycleBase.setStateInternal(LifecycleBase.java:385)
		at org.apache.catalina.util.LifecycleBase.setState(LifecycleBase.java:332)
		at org.apache.catalina.core.ContainerBase.startInternal(ContainerBase.java:776)
		at org.apache.catalina.core.StandardHost.startInternal(StandardHost.java:772)
		at org.apache.catalina.util.LifecycleBase.start(LifecycleBase.java:164)
		at org.apache.catalina.core.ContainerBase$StartChild.call(ContainerBase.java:1203)
		at org.apache.catalina.core.ContainerBase$StartChild.call(ContainerBase.java:1193)
		at java.base/java.util.concurrent.FutureTask.run(FutureTask.java:317)
		at org.apache.tomcat.util.threads.InlineExecutorService.execute(InlineExecutorService.java:75)
		at java.base/java.util.concurrent.AbstractExecutorService.submit(AbstractExecutorService.java:145)
		at org.apache.catalina.core.ContainerBase.startInternal(ContainerBase.java:749)
		at org.apache.catalina.core.StandardEngine.startInternal(StandardEngine.java:203)
		at org.apache.catalina.util.LifecycleBase.start(LifecycleBase.java:164)
		at org.apache.catalina.core.StandardService.startInternal(StandardService.java:415)
		at org.apache.catalina.util.LifecycleBase.start(LifecycleBase.java:164)
		at org.apache.catalina.core.StandardServer.startInternal(StandardServer.java:874)
		at org.apache.catalina.util.LifecycleBase.start(LifecycleBase.java:164)
		at org.apache.catalina.startup.Catalina.start(Catalina.java:757)
		at java.base/jdk.internal.reflect.DirectMethodHandleAccessor.invoke(DirectMethodHandleAccessor.java:103)
		at java.base/java.lang.reflect.Method.invoke(Method.java:580)
		at org.apache.catalina.startup.Bootstrap.start(Bootstrap.java:345)
		at org.apache.catalina.startup.Bootstrap.main(Bootstrap.java:473)
	Caused by: org.apache.catalina.LifecycleException: Failed to start component [StandardEngine[Catalina].StandardHost[localhost].StandardContext[/ltwedst2]]
		at org.apache.catalina.util.LifecycleBase.handleSubClassException(LifecycleBase.java:402)
		at org.apache.catalina.util.LifecycleBase.start(LifecycleBase.java:179)
		at org.apache.catalina.core.ContainerBase.addChildInternal(ContainerBase.java:599)
		... 35 more
	Caused by: java.lang.IllegalArgumentException: The servlets named [vn.iotstar.controllers.admin.HomeController] and [vn.iotstar.controllers.HomeController] are both mapped to the url-pattern [/admin/home] which is not permitted
		at org.apache.tomcat.util.descriptor.web.WebXml.addServletMappingDecoded(WebXml.java:354)
		at org.apache.tomcat.util.descriptor.web.WebXml.addServletMapping(WebXml.java:347)
		at org.apache.catalina.startup.ContextConfig.processAnnotationWebServlet(ContextConfig.java:2539)
		at org.apache.catalina.startup.ContextConfig.processClass(ContextConfig.java:2244)
		at org.apache.catalina.startup.ContextConfig.processAnnotationsStream(ContextConfig.java:2233)
		at org.apache.catalina.startup.ContextConfig.processAnnotationsWebResource(ContextConfig.java:2143)
		at org.apache.catalina.startup.ContextConfig.processAnnotationsWebResource(ContextConfig.java:2138)
		at org.apache.catalina.startup.ContextConfig.processAnnotationsWebResource(ContextConfig.java:2138)
		at org.apache.catalina.startup.ContextConfig.processAnnotationsWebResource(ContextConfig.java:2138)
		at org.apache.catalina.startup.ContextConfig.processClasses(ContextConfig.java:1351)
		at org.apache.catalina.startup.ContextConfig.webConfig(ContextConfig.java:1261)
		at org.apache.catalina.startup.ContextConfig.configureStart(ContextConfig.java:961)
		at org.apache.catalina.startup.ContextConfig.lifecycleEvent(ContextConfig.java:290)
		at org.apache.catalina.util.LifecycleBase.fireLifecycleEvent(LifecycleBase.java:109)
		at org.apache.catalina.core.StandardContext.startInternal(StandardContext.java:4330)
		at org.apache.catalina.util.LifecycleBase.start(LifecycleBase.java:164)
		... 36 more
21-Sep-2024 10:13:11.414 INFO [main] org.apache.catalina.startup.HostConfig.deployDescriptor Deployment of deployment descriptor [C:\Users\ADMIN\eclipse-workspace\ltwedst2\conf\Catalina\localhost\ltwedst2.xml] has finished in [235] ms
21-Sep-2024 10:13:11.414 INFO [main] org.apache.coyote.AbstractProtocol.start Starting ProtocolHandler ["http-nio-8080"]
21-Sep-2024 10:13:11.461 INFO [main] org.apache.catalina.startup.Catalina.start Server startup in [346] milliseconds
21-Sep-2024 10:13:19.403 INFO [Thread-1] org.apache.coyote.AbstractProtocol.pause Pausing ProtocolHandler ["http-nio-8080"]
21-Sep-2024 10:13:19.409 INFO [Thread-1] org.apache.catalina.core.StandardService.stopInternal Stopping service [Catalina]
21-Sep-2024 10:13:19.412 INFO [Thread-1] org.apache.coyote.AbstractProtocol.stop Stopping ProtocolHandler ["http-nio-8080"]
21-Sep-2024 10:13:19.417 INFO [Thread-1] org.apache.coyote.AbstractProtocol.destroy Destroying ProtocolHandler ["http-nio-8080"]
